d:\unity\chess4\chessproj\debug\vc141.pdb
d:\unity\chess4\chessproj\debug\vc141.idb
d:\unity\chess4\chessproj\debug\main.obj
d:\unity\chess4\chessproj\debug\board.obj
d:\unity\chess4\chessproj\debug\chessproj.exe
d:\unity\chess4\chessproj\debug\chessproj.ilk
d:\unity\chess4\chessproj\debug\chessproj.pdb
c:\code\chess\chessproj\debug\board.obj
c:\code\chess\chessproj\debug\main.obj
c:\code\chess\chessproj\debug\board.obj.enc
c:\code\chess\chessproj\debug\chessproj.ilk
c:\code\chess\chessproj\debug\vc140.idb
c:\code\chess\chessproj\debug\vc141.idb
c:\code\chess\chessproj\debug\chessproj.pdb
c:\code\chess\chessproj\debug\vc140.pdb
c:\code\chess\chessproj\debug\vc141.pdb
c:\code\chess\chessproj\debug\chessproj.exe
c:\code\chess\chessproj\debug\chessproj.tlog\cl.command.1.tlog
c:\code\chess\chessproj\debug\chessproj.tlog\cl.read.1.tlog
c:\code\chess\chessproj\debug\chessproj.tlog\cl.write.1.tlog
c:\code\chess\chessproj\debug\chessproj.tlog\link.command.1.tlog
c:\code\chess\chessproj\debug\chessproj.tlog\link.read.1.tlog
c:\code\chess\chessproj\debug\chessproj.tlog\link.write.1.tlog
